2021-02-15 18:03:55 INFO  SixTest:65 - [
  {
  "id": 1,
  "name": "firstname",
  "age": 22
},
  {
    "id": 2,
    "name": "second",
    "age": 23
  },
  {
    "id": 3,
    "name": "second",
    "age": 23
  },
  {
    "id": 4,
    "name": "third",
    "age": 3
  },
  {
    "id": 5,
    "name": "third",
    "age": 3
  }
]
а2021-02-15 18:03:55 INFO  SixTest:73 - TEST REQUEST TO CONTROLLER BY URL: http://localhost:8083/users/expect/one
а2021-02-15 18:03:56 INFO  FirstController:76 - CONTROLLER SEND REQUEST TO MOCKSERVER ENDPOINT: http://localhost:1080/test/one
а2021-02-15 18:03:56 INFO  FirstController:77 - GET RESPONSE CODE: 404
а2021-02-15 18:03:56 INFO  FirstController:78 - RESULT: 
а2021-02-15 18:03:57 INFO  SixTest:76 - REST ASSURED SEND TEST REQUEST TO CONTROLLER AND GET RESPONSE CODE: 200
а2021-02-15 18:03:57 INFO  SixTest:77 - BODY: 
а2021-02-15 18:07:11 INFO  SixTest:73 - TEST REQUEST TO CONTROLLER BY URL: http://localhost:8083/users/expect/one
а2021-02-15 18:07:12 INFO  FirstController:76 - CONTROLLER SEND REQUEST TO MOCKSERVER ENDPOINT: http://localhost:1080/test/one
а2021-02-15 18:07:12 INFO  FirstController:77 - GET RESPONSE CODE: 200
а2021-02-15 18:07:12 INFO  FirstController:78 - RESULT: [
  {
  "id": 1,
  "name": "firstname",
  "age": 22
},
  {
    "id": 2,
    "name": "second",
    "age": 23
  },
  {
    "id": 3,
    "name": "second",
    "age": 23
  },
  {
    "id": 4,
    "name": "third",
    "age": 3
  },
  {
    "id": 5,
    "name": "third",
    "age": 3
  }
]
а2021-02-15 18:07:12 INFO  SixTest:76 - REST ASSURED SEND TEST REQUEST TO CONTROLLER AND GET RESPONSE CODE: 200
а2021-02-15 18:07:12 INFO  SixTest:77 - BODY: 
а